<?xml version="1.0" encoding="UTF-8"?>
<testng-results skipped="0" failed="0" ignored="0" total="1" passed="1">
  <reporter-output>
  </reporter-output>
  <suite name="Default suite" duration-ms="22000" started-at="2020-02-23T20:52:46Z" finished-at="2020-02-23T20:53:08Z">
    <groups>
    </groups>
    <test name="Default test" duration-ms="22000" started-at="2020-02-23T20:52:46Z" finished-at="2020-02-23T20:53:08Z">
      <class name="tests.AddContractTest">
        <test-method status="PASS" signature="AddingContact()[pri:0, instance:tests.AddContractTest@654f0d9c]" name="AddingContact" duration-ms="21912" started-at="2020-02-23T15:52:46Z" finished-at="2020-02-23T15:53:08Z">
          <reporter-output>
          </reporter-output>
        </test-method> <!-- AddingContact -->
      </class> <!-- tests.AddContractTest -->
    </test> <!-- Default test -->
  </suite> <!-- Default suite -->
</testng-results>
